

``` content
用电量是企业能源管理的重要指标，以下是对该指标含义及计算方式的简要解释:
```



``` title
查询含义
```


``` content
用电量是指企业在一定时期内实际消耗的电能总量，通常以千瓦时（kWh）为单位。它是衡量企业能源使用效率和生产活动强度的重要指标之一。用电量的计算涉及到对各类用电设备的运行时间和功率的精确记录，并可能受到生产工艺、设备效率、季节性变化等多种因素的影响。准确的用电量数据有助于企业进行能源管理、成本控制和可持续发展规划。
```



``` title
计算公式
```


``` content
用电量=电力需求x用电时间电力需求:指单位时间内所需的电力量，通常以千瓦时(kWh)为单位。用电时间:指单位时间内使用电力的时间，通常以小时为单位。
```



``` title
数据查找结果
```



``` json
{'table_name': 'TWC_MK_CU_ELEC_MP_DET', 'region': 'diwang_market_auto', 'link': 'https://edata.gd.csg.local:16060/index.html#/index', 'storageUri': 'cloud_sim_data/weather-project-3-data/sim_task_pwrw0amy/', 'storageTableName': 'weather_project_3_weather_project_3_weather_project_3', 'relatedColumns': [{'columnName': 'ELE_CAPACITY', 'columnDesp': '用电容量'}, {'columnName': 'PQ_CALCU_MODE_NAME', 'columnDesp': '电量计算方式'}, {'columnName': 'METERING_POINT_NUMBER', 'columnDesp': '计量点编号'}, {'columnName': 'MP_ELEC_SORT_CODE', 'columnDesp': '计量点用电类别代码'}, {'columnName': 'ELEC_CUST_NO', 'columnDesp': '用电客户唯一编号'}]}
```

``` json
{'table_name': 'MK_CA_AMT_NOTI_DET', 'region': 'diwang_market_auto', 'link': 'https://edata.gd.csg.local:16060/index.html#/index', 'storageUri': 'cloud_sim_data/weather-project-3-data/sim_task_pwrw0amy/', 'storageTableName': 'weather_project_4_weather_project_4_weather_project_4', 'relatedColumns': [{'columnName': 'ALL_TOTAL_PQ', 'columnDesp': '总合计电量'}, {'columnName': 'BILL_PQ_PERIOD_TOTAL', 'columnDesp': '计费电量本期合计'}, {'columnName': 'DIRECT_PURCHASE_PQ', 'columnDesp': '直购电电量'}, {'columnName': 'TOTAL_PQ_AMT', 'columnDesp': '总电度电费'}, {'columnName': 'TOTAL_AP_READ_PQ', 'columnDesp': '总有功抄见电量'}]}
```
