
``` content
电量计算是电力系统分析的重要组成部分，以下是对该指标含义及计算方式的简要解释:
```

``` title
查询含义
```

``` content
电量是电力系统中一个基本且重要的指标，用于表示在特定时间段内电力的传输或消耗总量，通常以千瓦时（kWh）为单位。计算电量涉及对电流和电压的测量，并通过时间积分得到，反映了电力设备或系统的使用效率和负载情况。电量的准确计算对于电费结算、能源管理和系统优化具有重要意义。
```

``` title
计算公式
```

``` content
电量=电力需求x用电时间电力需求:指单位时间内所需的电力量，通常以千瓦时(kWh)为单位。用电时间:指单位时间内使用电力的时间，通常以小时为单位。
```

``` title
数据查找结果
```

``` json
{'table_name': 'TWC_MK_CU_ELEC_MP_DET', 'region': 'diwang_market_auto', 'link': 'https://edata.gd.csg.local:16060/index.html#/index', 'storageUri': 'cloud_sim_data/weather-project-3-data/sim_task_pwrw0amy/', 'storageTableName': 'weather_project_3_weather_project_3_weather_project_3', 'relatedColumns': [{'columnName': 'PQ_CALCU_MODE_CODE', 'columnDesp': '电量计算方式代码'}, {'columnName': 'PQ_CALCU_MODE_NAME', 'columnDesp': '电量计算方式'}, {'columnName': 'PQ_SHARE_FORM', 'columnDesp': '电量分摊公式'}, {'columnName': 'M_FIXED_PQ', 'columnDesp': '月固定电量'}, {'columnName': 'GRID_PQ_MR_DIRECTION', 'columnDesp': '上网电量计量方向'}]}

```

``` json
{'table_name': 'MK_CA_AMT_NOTI_DET', 'region': 'diwang_market_auto', 'link': 'https://edata.gd.csg.local:16060/index.html#/index', 'storageUri': 'cloud_sim_data/weather-project-3-data/sim_task_pwrw0amy/', 'storageTableName': 'weather_project_4_weather_project_4_weather_project_4', 'relatedColumns': [{'columnName': 'ALL_TOTAL_PQ', 'columnDesp': '总合计电量'}, {'columnName': 'BILL_PQ_PERIOD_TOTAL', 'columnDesp': '计费电量本期合计'}, {'columnName': 'TOTAL_PQ_AMT', 'columnDesp': '总电度电费'}, {'columnName': 'TOTAL_AP_READ_PQ', 'columnDesp': '总有功抄见电量'}, {'columnName': 'STEP_TOTAL_PQ', 'columnDesp': '阶梯合计电量'}]}

```
