
``` content
电量计算是电力系统分析的基础，以下是对电量计算方式及相关因素的简要解释:
```

``` title
查询含义
```

``` content
电量是电力系统中一个基本且重要的指标，用于表示在特定时间段内电力的传输或消耗总量，通常以千瓦时（kWh）为单位。计算电量涉及对电流、电压和时间的综合测量，是评估电力使用效率、制定电费账单以及进行能源管理和优化的重要依据。电量的准确计算对于电力供应商和消费者都至关重要，因为它直接影响到电力成本和资源分配。
```

``` title
计算公式
```

``` content
电量=电力需求x用电时间电力需求:指单位时间内所需的电力量，通常以千瓦时(kWh)为单位。用电时间:指单位时间内使用电力的时间，通常以小时为单位。
```

``` title
数据查找结果
```

``` json
{'table_name': 'TWC_MK_CU_ELEC_MP_DET', 'region': 'diwang_market_auto', 'link': 'https://edata.gd.csg.local:16060/index.html#/index', 'storageUri': 'cloud_sim_data/weather-project-3-data/sim_task_pwrw0amy/', 'storageTableName': 'weather_project_3_weather_project_3_weather_project_3', 'relatedColumns': [{'columnName': 'PQ_CALCU_MODE_CODE', 'columnDesp': '电量计算方式代码'}, {'columnName': 'PQ_CALCU_MODE_NAME', 'columnDesp': '电量计算方式'}, {'columnName': 'PQ_SHARE_FORM', 'columnDesp': '电量分摊公式'}, {'columnName': 'ELE_CAPACITY', 'columnDesp': '用电容量'}, {'columnName': 'M_FIXED_PQ', 'columnDesp': '月固定电量'}]}

```

``` json
{'table_name': 'MK_CA_AMT_NOTI_DET', 'region': 'diwang_market_auto', 'link': 'https://edata.gd.csg.local:16060/index.html#/index', 'storageUri': 'cloud_sim_data/weather-project-3-data/sim_task_pwrw0amy/', 'storageTableName': 'weather_project_4_weather_project_4_weather_project_4', 'relatedColumns': [{'columnName': 'ALL_TOTAL_PQ', 'columnDesp': '总合计电量'}, {'columnName': 'BILL_PQ_PERIOD_TOTAL', 'columnDesp': '计费电量本期合计'}, {'columnName': 'DIRECT_PURCHASE_PQ', 'columnDesp': '直购电电量'}, {'columnName': 'PEAK_TOTAL_PQ', 'columnDesp': '峰合计电量'}, {'columnName': 'VALLEY_TOTAL_PQ', 'columnDesp': '谷合计电量'}]}

```
