

``` content
用力量是企业能源管理的重要指标，以下是对该指标含义及计算方式的简要解释:
```



``` title
查询含义
```


``` content
用力量是指企业在一定时期内实际消耗的电能总量，是衡量企业能源使用效率和生产活动强度的重要指标。用力量的大小直接影响企业的电费支出，并与企业的生产规模、设备运行效率、工艺流程以及节能措施的实施情况密切相关。通过分析用力量，企业可以优化能源管理，提高生产效率，降低运营成本。
```



``` title
计算公式
```


``` content
用力量=电力需求x用电时间电力需求:指单位时间内所需的电力量，通常以千瓦时(kWh)为单位。用电时间:指单位时间内使用电力的时间，通常以小时为单位。
```



``` title
数据查找结果
```



``` json
{'table_name': 'TWC_MK_CU_ELEC_MP_DET', 'region': 'diwang_market_auto', 'link': 'https://edata.gd.csg.local:16060/index.html#/index', 'storageUri': 'cloud_sim_data/weather-project-3-data/sim_task_pwrw0amy/', 'storageTableName': 'weather_project_3_weather_project_3_weather_project_3', 'relatedColumns': [{'columnName': 'ELE_CAPACITY', 'columnDesp': '用电容量'}, {'columnName': 'RUN_CAP', 'columnDesp': '使用的合同容量'}, {'columnName': 'PQ_CALCU_MODE_NAME', 'columnDesp': '电量计算方式'}, {'columnName': 'M_FIXED_PQ', 'columnDesp': '月固定电量'}, {'columnName': 'PQ_SHARE_FORM', 'columnDesp': '电量分摊公式'}]}
```

``` json
{'table_name': 'MK_CA_AMT_NOTI_DET', 'region': 'diwang_market_auto', 'link': 'https://edata.gd.csg.local:16060/index.html#/index', 'storageUri': 'cloud_sim_data/weather-project-3-data/sim_task_pwrw0amy/', 'storageTableName': 'weather_project_4_weather_project_4_weather_project_4', 'relatedColumns': [{'columnName': 'ALL_TOTAL_PQ', 'columnDesp': '总合计电量'}, {'columnName': 'BILL_PQ_PERIOD_TOTAL', 'columnDesp': '计费电量本期合计'}, {'columnName': 'DIRECT_PURCHASE_PQ', 'columnDesp': '直购电电量'}, {'columnName': 'TOTAL_PQ_AMT', 'columnDesp': '总电度电费'}, {'columnName': 'TOTAL_AMT', 'columnDesp': '总电费'}]}
```